  [1m[36m (162.7ms)[0m  [1mCREATE TABLE "schema_migrations" ("version" varchar NOT NULL) [0m
  [1m[35m (0.1ms)[0m  select sqlite_version(*)
  [1m[36m (121.6ms)[0m  [1mCREATE UNIQUE INDEX "unique_schema_migrations" ON "schema_migrations" ("version")[0m
  [1m[35mActiveRecord::SchemaMigration Load (0.1ms)[0m  SELECT "schema_migrations".* FROM "schema_migrations"
Migrating to CreateProducts (20170320120745)
  [1m[36m (0.2ms)[0m  [1mbegin transaction[0m
  [1m[35m (0.5ms)[0m  CREATE TABLE "products" ("id" INTEGER PRIMARY KEY AUTOINCREMENT NOT NULL, "firm" varchar, "model" varchar, "description" text, "created_at" datetime NOT NULL, "updated_at" datetime NOT NULL) 
  [1m[36mSQL (0.1ms)[0m  [1mINSERT INTO "schema_migrations" ("version") VALUES (?)[0m  [["version", "20170320120745"]]
  [1m[35m (118.1ms)[0m  commit transaction
Migrating to DeviseCreateUsers (20170320121104)
  [1m[36m (0.1ms)[0m  [1mbegin transaction[0m
  [1m[35m (0.2ms)[0m  CREATE TABLE "users" ("id" INTEGER PRIMARY KEY AUTOINCREMENT NOT NULL, "email" varchar DEFAULT '' NOT NULL, "encrypted_password" varchar DEFAULT '' NOT NULL, "reset_password_token" varchar, "reset_password_sent_at" datetime, "remember_created_at" datetime, "sign_in_count" integer DEFAULT 0 NOT NULL, "current_sign_in_at" datetime, "last_sign_in_at" datetime, "current_sign_in_ip" varchar, "last_sign_in_ip" varchar, "created_at" datetime NOT NULL, "updated_at" datetime NOT NULL) 
  [1m[36m (0.1ms)[0m  [1mCREATE UNIQUE INDEX "index_users_on_email" ON "users" ("email")[0m
  [1m[35m (0.2ms)[0m              SELECT sql
            FROM sqlite_master
            WHERE name='index_users_on_email' AND type='index'
            UNION ALL
            SELECT sql
            FROM sqlite_temp_master
            WHERE name='index_users_on_email' AND type='index'

  [1m[36m (0.1ms)[0m  [1mCREATE UNIQUE INDEX "index_users_on_reset_password_token" ON "users" ("reset_password_token")[0m
  [1m[35mSQL (0.1ms)[0m  INSERT INTO "schema_migrations" ("version") VALUES (?)  [["version", "20170320121104"]]
  [1m[36m (96.9ms)[0m  [1mcommit transaction[0m
  [1m[35mActiveRecord::SchemaMigration Load (0.2ms)[0m  SELECT "schema_migrations".* FROM "schema_migrations"
  [1m[36m (0.1ms)[0m  [1m            SELECT sql
            FROM sqlite_master
            WHERE name='index_users_on_reset_password_token' AND type='index'
            UNION ALL
            SELECT sql
            FROM sqlite_temp_master
            WHERE name='index_users_on_reset_password_token' AND type='index'
[0m
  [1m[35m (0.1ms)[0m              SELECT sql
            FROM sqlite_master
            WHERE name='index_users_on_email' AND type='index'
            UNION ALL
            SELECT sql
            FROM sqlite_temp_master
            WHERE name='index_users_on_email' AND type='index'



Started GET "/" for 127.0.0.1 at 2017-03-20 13:23:12 +0100
  [1m[36mActiveRecord::SchemaMigration Load (0.1ms)[0m  [1mSELECT "schema_migrations".* FROM "schema_migrations"[0m
Processing by ProductsController#index as HTML
Completed 401 Unauthorized in 20ms (ActiveRecord: 0.0ms)


Started GET "/users/sign_in" for 127.0.0.1 at 2017-03-20 13:23:12 +0100
Processing by Devise::SessionsController#new as HTML
  Rendered /var/lib/gems/2.3.0/gems/devise-4.2.1/app/views/devise/shared/_links.html.erb (1.1ms)
  Rendered /var/lib/gems/2.3.0/gems/devise-4.2.1/app/views/devise/sessions/new.html.erb within layouts/application (16.3ms)
Completed 200 OK in 4329ms (Views: 4316.1ms | ActiveRecord: 0.4ms)


Started GET "/assets/application.self-f65109a79c0ef56b1f69798d67ca1aa62cc730b3e946e5ab85d82a7724e66faf.css?body=1" for 127.0.0.1 at 2017-03-20 13:23:17 +0100


Started GET "/" for 127.0.0.1 at 2017-03-20 13:23:25 +0100
Processing by ProductsController#index as HTML
Completed 401 Unauthorized in 1ms (ActiveRecord: 0.0ms)


Started GET "/users/sign_in" for 127.0.0.1 at 2017-03-20 13:23:25 +0100
Processing by Devise::SessionsController#new as HTML
  Rendered /var/lib/gems/2.3.0/gems/devise-4.2.1/app/views/devise/shared/_links.html.erb (0.5ms)
  Rendered /var/lib/gems/2.3.0/gems/devise-4.2.1/app/views/devise/sessions/new.html.erb within layouts/application (4.3ms)
Completed 200 OK in 25ms (Views: 21.7ms | ActiveRecord: 0.0ms)


Started GET "/users/sign_up" for 127.0.0.1 at 2017-03-20 13:39:33 +0100
Processing by Devise::RegistrationsController#new as HTML
  Rendered /var/lib/gems/2.3.0/gems/devise-4.2.1/app/views/devise/shared/_links.html.erb (0.3ms)
  Rendered /var/lib/gems/2.3.0/gems/devise-4.2.1/app/views/devise/registrations/new.html.erb within layouts/application (4.1ms)
Completed 200 OK in 25ms (Views: 24.1ms | ActiveRecord: 0.0ms)


Started POST "/users" for 127.0.0.1 at 2017-03-20 13:39:39 +0100
Processing by Devise::RegistrationsController#create as HTML
  Parameters: {"utf8"=>"✓", "authenticity_token"=>"pd87ReYv0qVP3THICh7XABb/W1YPNCyW25wn0mZTwY6AorD558/VqI8a8L5WDWPqYVaO4d1ulsCOGEssy2oRfA==", "user"=>{"email"=>"admin@admin.pl", "password"=>"[FILTERED]", "password_confirmation"=>"[FILTERED]"}, "commit"=>"Sign up"}
  [1m[35m (0.1ms)[0m  begin transaction
  [1m[36mUser Exists (0.1ms)[0m  [1mSELECT  1 AS one FROM "users" WHERE "users"."email" = 'admin@admin.pl' LIMIT 1[0m
  [1m[35mSQL (0.2ms)[0m  INSERT INTO "users" ("email", "encrypted_password", "created_at", "updated_at") VALUES (?, ?, ?, ?)  [["email", "admin@admin.pl"], ["encrypted_password", "$2a$11$004gv.DPjSnAAfyBlhNT4.yvkstx8cJJz0ltb0VRXSOE4vIQJAfO2"], ["created_at", "2017-03-20 12:39:40.191594"], ["updated_at", "2017-03-20 12:39:40.191594"]]
  [1m[36m (101.0ms)[0m  [1mcommit transaction[0m
  [1m[35m (0.1ms)[0m  begin transaction
  [1m[36mSQL (0.2ms)[0m  [1mUPDATE "users" SET "last_sign_in_at" = ?, "current_sign_in_at" = ?, "last_sign_in_ip" = ?, "current_sign_in_ip" = ?, "sign_in_count" = ?, "updated_at" = ? WHERE "users"."id" = ?[0m  [["last_sign_in_at", "2017-03-20 12:39:40.294502"], ["current_sign_in_at", "2017-03-20 12:39:40.294502"], ["last_sign_in_ip", "127.0.0.1"], ["current_sign_in_ip", "127.0.0.1"], ["sign_in_count", 1], ["updated_at", "2017-03-20 12:39:40.295215"], ["id", 1]]
  [1m[35m (117.1ms)[0m  commit transaction
Redirected to http://localhost:3000/
Completed 302 Found in 420ms (ActiveRecord: 218.8ms)


Started GET "/" for 127.0.0.1 at 2017-03-20 13:39:40 +0100
Processing by ProductsController#index as HTML
  [1m[36mUser Load (0.2ms)[0m  [1mSELECT  "users".* FROM "users" WHERE "users"."id" = ?  ORDER BY "users"."id" ASC LIMIT 1[0m  [["id", 1]]
  [1m[35mProduct Load (0.1ms)[0m  SELECT "products".* FROM "products"
  Rendered products/index.html.erb within layouts/application (1.7ms)
Completed 200 OK in 24ms (Views: 20.4ms | ActiveRecord: 0.4ms)


Started GET "/products/new" for 127.0.0.1 at 2017-03-20 13:40:03 +0100
Processing by ProductsController#new as HTML
  [1m[36mUser Load (0.1ms)[0m  [1mSELECT  "users".* FROM "users" WHERE "users"."id" = ?  ORDER BY "users"."id" ASC LIMIT 1[0m  [["id", 1]]
  Rendered products/_form.html.erb (4.3ms)
  Rendered products/new.html.erb within layouts/application (5.4ms)
Completed 200 OK in 29ms (Views: 24.8ms | ActiveRecord: 0.2ms)


Started POST "/products" for 127.0.0.1 at 2017-03-20 13:40:10 +0100
Processing by ProductsController#create as HTML
  Parameters: {"utf8"=>"✓", "authenticity_token"=>"+yop7kIaXntHe06q5piW6dtTQ1NEY0LSTvfhPAX24HPeV6JSQ/pZdoe8j9y6iyIDrPqW5JY5+IQbc43CqM8wgQ==", "product"=>{"firm"=>"Dell", "model"=>"P2414H", "description"=>"Monitor"}, "commit"=>"Create Product"}
  [1m[35mUser Load (0.2ms)[0m  SELECT  "users".* FROM "users" WHERE "users"."id" = ?  ORDER BY "users"."id" ASC LIMIT 1  [["id", 1]]
  [1m[36m (0.1ms)[0m  [1mbegin transaction[0m
  [1m[35mSQL (0.3ms)[0m  INSERT INTO "products" ("firm", "model", "description", "created_at", "updated_at") VALUES (?, ?, ?, ?, ?)  [["firm", "Dell"], ["model", "P2414H"], ["description", "Monitor"], ["created_at", "2017-03-20 12:40:10.398433"], ["updated_at", "2017-03-20 12:40:10.398433"]]
  [1m[36m (174.3ms)[0m  [1mcommit transaction[0m
Redirected to http://localhost:3000/products/1
Completed 302 Found in 181ms (ActiveRecord: 175.0ms)


Started GET "/products/1" for 127.0.0.1 at 2017-03-20 13:40:10 +0100
Processing by ProductsController#show as HTML
  Parameters: {"id"=>"1"}
  [1m[35mUser Load (0.1ms)[0m  SELECT  "users".* FROM "users" WHERE "users"."id" = ?  ORDER BY "users"."id" ASC LIMIT 1  [["id", 1]]
  [1m[36mProduct Load (0.3ms)[0m  [1mSELECT  "products".* FROM "products" WHERE "products"."id" = ? LIMIT 1[0m  [["id", 1]]
  Rendered products/show.html.erb within layouts/application (0.7ms)
Completed 200 OK in 29ms (Views: 24.6ms | ActiveRecord: 0.4ms)


Started GET "/products" for 127.0.0.1 at 2017-03-20 13:40:13 +0100
Processing by ProductsController#index as HTML
  [1m[35mUser Load (0.1ms)[0m  SELECT  "users".* FROM "users" WHERE "users"."id" = ?  ORDER BY "users"."id" ASC LIMIT 1  [["id", 1]]
  [1m[36mProduct Load (0.1ms)[0m  [1mSELECT "products".* FROM "products"[0m
  Rendered products/index.html.erb within layouts/application (0.9ms)
Completed 200 OK in 27ms (Views: 25.8ms | ActiveRecord: 0.2ms)


Started GET "/products" for 127.0.0.1 at 2017-03-20 13:41:44 +0100
Processing by ProductsController#index as HTML
  [1m[35mUser Load (0.2ms)[0m  SELECT  "users".* FROM "users" WHERE "users"."id" = ?  ORDER BY "users"."id" ASC LIMIT 1  [["id", 1]]
  [1m[36mProduct Load (0.1ms)[0m  [1mSELECT "products".* FROM "products"[0m
  Rendered products/index.html.erb within layouts/application (58.0ms)
Completed 500 Internal Server Error in 63ms (ActiveRecord: 0.3ms)

ActionView::Template::Error (undefined local variable or method `shops_path' for #<#<Class:0x007f3312f92ff8>:0x007f33120fe2a8>):
    40: 					<% end %>
    41: 				</div>
    42: 				<ul class="nav nav-pills nav-stacked" style="margin: 0">
    43: 					<li role="presentation"><%= link_to "Show products", shops_path, :class => 'navbar-link'  %></li>
    44: 					<li role="presentation"><%= link_to "Add product", new_shop_path, :class => 'navbar-link'  %></li>
    45: 					<li role="presentation">Test 3</li>
    46: 				</ul>
  app/views/products/index.html.erb:43:in `_app_views_products_index_html_erb__3780482463373963333_69928661541120'


  Rendered /usr/lib/ruby/vendor_ruby/action_dispatch/middleware/templates/rescues/_source.erb (5.3ms)
  Rendered /usr/lib/ruby/vendor_ruby/action_dispatch/middleware/templates/rescues/_trace.html.erb (2.2ms)
  Rendered /usr/lib/ruby/vendor_ruby/action_dispatch/middleware/templates/rescues/_request_and_response.html.erb (1.8ms)
  Rendered /usr/lib/ruby/vendor_ruby/action_dispatch/middleware/templates/rescues/template_error.html.erb within rescues/layout (20.1ms)
  Rendered /var/lib/gems/2.3.0/gems/web-console-2.3.0/lib/web_console/templates/_markup.html.erb (0.5ms)
  Rendered /var/lib/gems/2.3.0/gems/web-console-2.3.0/lib/web_console/templates/_inner_console_markup.html.erb within layouts/inlined_string (0.3ms)
  Rendered /var/lib/gems/2.3.0/gems/web-console-2.3.0/lib/web_console/templates/_prompt_box_markup.html.erb within layouts/inlined_string (0.3ms)
  Rendered /var/lib/gems/2.3.0/gems/web-console-2.3.0/lib/web_console/templates/style.css.erb within layouts/inlined_string (0.3ms)
  Rendered /var/lib/gems/2.3.0/gems/web-console-2.3.0/lib/web_console/templates/console.js.erb within layouts/javascript (15.0ms)
  Rendered /var/lib/gems/2.3.0/gems/web-console-2.3.0/lib/web_console/templates/main.js.erb within layouts/javascript (0.2ms)
  Rendered /var/lib/gems/2.3.0/gems/web-console-2.3.0/lib/web_console/templates/error_page.js.erb within layouts/javascript (0.3ms)
  Rendered /var/lib/gems/2.3.0/gems/web-console-2.3.0/lib/web_console/templates/index.html.erb (29.6ms)


Started GET "/products" for 127.0.0.1 at 2017-03-20 13:42:06 +0100
Processing by ProductsController#index as HTML
  [1m[35mUser Load (0.1ms)[0m  SELECT  "users".* FROM "users" WHERE "users"."id" = ?  ORDER BY "users"."id" ASC LIMIT 1  [["id", 1]]
  [1m[36mProduct Load (0.2ms)[0m  [1mSELECT "products".* FROM "products"[0m
  Rendered products/index.html.erb within layouts/application (18.4ms)
Completed 200 OK in 29ms (Views: 27.1ms | ActiveRecord: 0.3ms)


Started GET "/products" for 127.0.0.1 at 2017-03-20 13:43:39 +0100
Processing by ProductsController#index as HTML
  [1m[35mUser Load (0.1ms)[0m  SELECT  "users".* FROM "users" WHERE "users"."id" = ?  ORDER BY "users"."id" ASC LIMIT 1  [["id", 1]]
  [1m[36mProduct Load (0.1ms)[0m  [1mSELECT "products".* FROM "products"[0m
  Rendered products/index.html.erb within layouts/application (17.0ms)
Completed 200 OK in 28ms (Views: 26.0ms | ActiveRecord: 0.3ms)


Started GET "/products" for 127.0.0.1 at 2017-03-20 13:43:44 +0100
Processing by ProductsController#index as HTML
  [1m[35mUser Load (0.1ms)[0m  SELECT  "users".* FROM "users" WHERE "users"."id" = ?  ORDER BY "users"."id" ASC LIMIT 1  [["id", 1]]
  [1m[36mProduct Load (0.1ms)[0m  [1mSELECT "products".* FROM "products"[0m
  Rendered products/index.html.erb within layouts/application (17.8ms)
Completed 200 OK in 25ms (Views: 22.9ms | ActiveRecord: 0.2ms)


Started GET "/products" for 127.0.0.1 at 2017-03-20 13:43:46 +0100
Processing by ProductsController#index as HTML
  [1m[35mUser Load (0.1ms)[0m  SELECT  "users".* FROM "users" WHERE "users"."id" = ?  ORDER BY "users"."id" ASC LIMIT 1  [["id", 1]]
  [1m[36mProduct Load (0.2ms)[0m  [1mSELECT "products".* FROM "products"[0m
  Rendered products/index.html.erb within layouts/application (25.4ms)
Completed 200 OK in 33ms (Views: 32.2ms | ActiveRecord: 0.2ms)


Started GET "/products/new" for 127.0.0.1 at 2017-03-20 13:43:47 +0100
Processing by ProductsController#new as HTML
  [1m[35mUser Load (0.1ms)[0m  SELECT  "users".* FROM "users" WHERE "users"."id" = ?  ORDER BY "users"."id" ASC LIMIT 1  [["id", 1]]
  Rendered products/_form.html.erb (2.0ms)
  Rendered products/new.html.erb within layouts/application (2.7ms)
Completed 200 OK in 29ms (Views: 27.7ms | ActiveRecord: 0.1ms)


Started GET "/products" for 127.0.0.1 at 2017-03-20 13:43:48 +0100
Processing by ProductsController#index as HTML
  [1m[36mUser Load (0.1ms)[0m  [1mSELECT  "users".* FROM "users" WHERE "users"."id" = ?  ORDER BY "users"."id" ASC LIMIT 1[0m  [["id", 1]]
  [1m[35mProduct Load (0.1ms)[0m  SELECT "products".* FROM "products"
  Rendered products/index.html.erb within layouts/application (18.5ms)
Completed 200 OK in 26ms (Views: 24.3ms | ActiveRecord: 0.2ms)


Started GET "/products" for 127.0.0.1 at 2017-03-20 13:43:49 +0100
Processing by ProductsController#index as HTML
  [1m[36mUser Load (0.1ms)[0m  [1mSELECT  "users".* FROM "users" WHERE "users"."id" = ?  ORDER BY "users"."id" ASC LIMIT 1[0m  [["id", 1]]
  [1m[35mProduct Load (0.2ms)[0m  SELECT "products".* FROM "products"
  Rendered products/index.html.erb within layouts/application (18.4ms)
Completed 200 OK in 26ms (Views: 24.8ms | ActiveRecord: 0.3ms)


Started GET "/products" for 127.0.0.1 at 2017-03-20 13:43:50 +0100
Processing by ProductsController#index as HTML
  [1m[36mUser Load (0.1ms)[0m  [1mSELECT  "users".* FROM "users" WHERE "users"."id" = ?  ORDER BY "users"."id" ASC LIMIT 1[0m  [["id", 1]]
  [1m[35mProduct Load (0.2ms)[0m  SELECT "products".* FROM "products"
  Rendered products/index.html.erb within layouts/application (18.7ms)
Completed 200 OK in 26ms (Views: 24.2ms | ActiveRecord: 0.2ms)


Started GET "/products" for 127.0.0.1 at 2017-03-20 13:43:51 +0100
Processing by ProductsController#index as HTML
  [1m[36mUser Load (0.3ms)[0m  [1mSELECT  "users".* FROM "users" WHERE "users"."id" = ?  ORDER BY "users"."id" ASC LIMIT 1[0m  [["id", 1]]
  [1m[35mProduct Load (0.2ms)[0m  SELECT "products".* FROM "products"
  Rendered products/index.html.erb within layouts/application (30.9ms)
Completed 200 OK in 41ms (Views: 38.5ms | ActiveRecord: 0.5ms)


Started GET "/products" for 127.0.0.1 at 2017-03-20 13:43:52 +0100
Processing by ProductsController#index as HTML
  [1m[36mUser Load (0.1ms)[0m  [1mSELECT  "users".* FROM "users" WHERE "users"."id" = ?  ORDER BY "users"."id" ASC LIMIT 1[0m  [["id", 1]]
  [1m[35mProduct Load (0.2ms)[0m  SELECT "products".* FROM "products"
  Rendered products/index.html.erb within layouts/application (22.6ms)
Completed 200 OK in 33ms (Views: 31.5ms | ActiveRecord: 0.3ms)


Started GET "/products" for 127.0.0.1 at 2017-03-20 13:45:23 +0100
Processing by ProductsController#index as HTML
  [1m[36mUser Load (0.1ms)[0m  [1mSELECT  "users".* FROM "users" WHERE "users"."id" = ?  ORDER BY "users"."id" ASC LIMIT 1[0m  [["id", 1]]
  [1m[35mProduct Load (0.1ms)[0m  SELECT "products".* FROM "products"
  Rendered products/index.html.erb within layouts/application (31.0ms)
Completed 200 OK in 38ms (Views: 36.1ms | ActiveRecord: 0.3ms)


Started GET "/products" for 127.0.0.1 at 2017-03-20 13:45:25 +0100
Processing by ProductsController#index as HTML
  [1m[36mUser Load (0.1ms)[0m  [1mSELECT  "users".* FROM "users" WHERE "users"."id" = ?  ORDER BY "users"."id" ASC LIMIT 1[0m  [["id", 1]]
  [1m[35mProduct Load (0.1ms)[0m  SELECT "products".* FROM "products"
  Rendered products/index.html.erb within layouts/application (19.1ms)
Completed 200 OK in 30ms (Views: 27.6ms | ActiveRecord: 0.2ms)


Started GET "/products" for 127.0.0.1 at 2017-03-20 13:48:22 +0100
Processing by ProductsController#index as HTML
  [1m[36mUser Load (0.1ms)[0m  [1mSELECT  "users".* FROM "users" WHERE "users"."id" = ?  ORDER BY "users"."id" ASC LIMIT 1[0m  [["id", 1]]
  Rendered products/index.html.erb within layouts/application (11.1ms)
Completed 500 Internal Server Error in 14ms (ActiveRecord: 0.1ms)

ActionView::Template::Error (Invalid CSS after "	background:": expected expression (e.g. 1px, bold), was "}"):
    2: <html>
    3: <head>
    4: 	<title>Sklep komputerowy</title>
    5: 	<%= stylesheet_link_tag    'application', media: 'all', 'data-turbolinks-track': 'reload' %>
    6: 	<%= javascript_include_tag 'application', 'data-turbolinks-track': 'reload' %>
    7: </head>
    8: <body>
  app/assets/stylesheets/application.scss:24
  app/views/products/index.html.erb:5:in `_app_views_products_index_html_erb__3780482463373963333_69928611329600'


  Rendered /usr/lib/ruby/vendor_ruby/action_dispatch/middleware/templates/rescues/_source.erb (7.6ms)
  Rendered /usr/lib/ruby/vendor_ruby/action_dispatch/middleware/templates/rescues/_trace.html.erb (2.7ms)
  Rendered /usr/lib/ruby/vendor_ruby/action_dispatch/middleware/templates/rescues/_request_and_response.html.erb (0.8ms)
  Rendered /usr/lib/ruby/vendor_ruby/action_dispatch/middleware/templates/rescues/template_error.html.erb within rescues/layout (22.1ms)
  Rendered /var/lib/gems/2.3.0/gems/web-console-2.3.0/lib/web_console/templates/_markup.html.erb (0.4ms)
  Rendered /var/lib/gems/2.3.0/gems/web-console-2.3.0/lib/web_console/templates/_inner_console_markup.html.erb within layouts/inlined_string (0.3ms)
  Rendered /var/lib/gems/2.3.0/gems/web-console-2.3.0/lib/web_console/templates/_prompt_box_markup.html.erb within layouts/inlined_string (0.4ms)
  Rendered /var/lib/gems/2.3.0/gems/web-console-2.3.0/lib/web_console/templates/style.css.erb within layouts/inlined_string (0.3ms)
  Rendered /var/lib/gems/2.3.0/gems/web-console-2.3.0/lib/web_console/templates/console.js.erb within layouts/javascript (16.7ms)
  Rendered /var/lib/gems/2.3.0/gems/web-console-2.3.0/lib/web_console/templates/main.js.erb within layouts/javascript (0.2ms)
  Rendered /var/lib/gems/2.3.0/gems/web-console-2.3.0/lib/web_console/templates/error_page.js.erb within layouts/javascript (0.4ms)
  Rendered /var/lib/gems/2.3.0/gems/web-console-2.3.0/lib/web_console/templates/index.html.erb (30.3ms)


Started GET "/products" for 127.0.0.1 at 2017-03-20 13:48:34 +0100
Processing by ProductsController#index as HTML
  [1m[35mUser Load (0.1ms)[0m  SELECT  "users".* FROM "users" WHERE "users"."id" = ?  ORDER BY "users"."id" ASC LIMIT 1  [["id", 1]]
  [1m[36mProduct Load (0.1ms)[0m  [1mSELECT "products".* FROM "products"[0m
  Rendered products/index.html.erb within layouts/application (1365.7ms)
Completed 200 OK in 1374ms (Views: 1372.7ms | ActiveRecord: 0.2ms)


Started GET "/assets/application.self-518d13a29bf5628b1a53032909c53a2f63381eab451379d12df326b5c4e80f96.css?body=1" for 127.0.0.1 at 2017-03-20 13:48:36 +0100


Started GET "/products" for 127.0.0.1 at 2017-03-20 13:54:27 +0100
Processing by ProductsController#index as HTML
  [1m[35mUser Load (0.1ms)[0m  SELECT  "users".* FROM "users" WHERE "users"."id" = ?  ORDER BY "users"."id" ASC LIMIT 1  [["id", 1]]
  [1m[36mProduct Load (0.2ms)[0m  [1mSELECT "products".* FROM "products"[0m
  Rendered products/index.html.erb within layouts/application (1206.8ms)
Completed 200 OK in 1214ms (Views: 1212.3ms | ActiveRecord: 0.4ms)


Started GET "/assets/application.self-d937dde5355f63a8fb74c2cc38f6f615b66ecd9dab4933ff6f7b5c5d8d87d806.css?body=1" for 127.0.0.1 at 2017-03-20 13:54:28 +0100


Started GET "/products/new" for 127.0.0.1 at 2017-03-20 13:54:35 +0100
Processing by ProductsController#new as HTML
  [1m[35mUser Load (0.1ms)[0m  SELECT  "users".* FROM "users" WHERE "users"."id" = ?  ORDER BY "users"."id" ASC LIMIT 1  [["id", 1]]
  Rendered products/_form.html.erb (2.7ms)
  Rendered products/new.html.erb within layouts/application (3.5ms)
Completed 200 OK in 30ms (Views: 28.1ms | ActiveRecord: 0.1ms)


Started POST "/products" for 127.0.0.1 at 2017-03-20 13:54:42 +0100
Processing by ProductsController#create as HTML
  Parameters: {"utf8"=>"✓", "authenticity_token"=>"HxxThs5Q9UvtsZ4MBZCrfuDqixzKdBsqmcJXnz5utzs6Ydg6z7DyRi12X3pZgx+Ul0NeqxguoXzMRjthk1dnyQ==", "product"=>{"firm"=>"Test", "model"=>"Test1", "description"=>"tesatsa"}, "commit"=>"Create Product"}
  [1m[36mUser Load (0.1ms)[0m  [1mSELECT  "users".* FROM "users" WHERE "users"."id" = ?  ORDER BY "users"."id" ASC LIMIT 1[0m  [["id", 1]]
  [1m[35m (0.1ms)[0m  begin transaction
  [1m[36mSQL (0.2ms)[0m  [1mINSERT INTO "products" ("firm", "model", "description", "created_at", "updated_at") VALUES (?, ?, ?, ?, ?)[0m  [["firm", "Test"], ["model", "Test1"], ["description", "tesatsa"], ["created_at", "2017-03-20 12:54:42.178487"], ["updated_at", "2017-03-20 12:54:42.178487"]]
  [1m[35m (174.0ms)[0m  commit transaction
Redirected to http://localhost:3000/products/2
Completed 302 Found in 178ms (ActiveRecord: 174.4ms)


Started GET "/products/2" for 127.0.0.1 at 2017-03-20 13:54:42 +0100
Processing by ProductsController#show as HTML
  Parameters: {"id"=>"2"}
  [1m[36mUser Load (0.1ms)[0m  [1mSELECT  "users".* FROM "users" WHERE "users"."id" = ?  ORDER BY "users"."id" ASC LIMIT 1[0m  [["id", 1]]
  [1m[35mProduct Load (0.3ms)[0m  SELECT  "products".* FROM "products" WHERE "products"."id" = ? LIMIT 1  [["id", 2]]
  Rendered products/show.html.erb within layouts/application (0.4ms)
Completed 200 OK in 21ms (Views: 19.1ms | ActiveRecord: 0.5ms)


Started GET "/products" for 127.0.0.1 at 2017-03-20 13:54:43 +0100
Processing by ProductsController#index as HTML
  [1m[36mUser Load (0.1ms)[0m  [1mSELECT  "users".* FROM "users" WHERE "users"."id" = ?  ORDER BY "users"."id" ASC LIMIT 1[0m  [["id", 1]]
  [1m[35mProduct Load (0.2ms)[0m  SELECT "products".* FROM "products"
  Rendered products/index.html.erb within layouts/application (32.9ms)
Completed 200 OK in 43ms (Views: 41.0ms | ActiveRecord: 0.3ms)


Started GET "/products" for 127.0.0.1 at 2017-03-20 13:56:47 +0100
Processing by ProductsController#index as HTML
  [1m[36mUser Load (0.1ms)[0m  [1mSELECT  "users".* FROM "users" WHERE "users"."id" = ?  ORDER BY "users"."id" ASC LIMIT 1[0m  [["id", 1]]
  [1m[35mProduct Load (0.2ms)[0m  SELECT "products".* FROM "products"
  Rendered products/index.html.erb within layouts/application (40.9ms)
Completed 200 OK in 48ms (Views: 46.7ms | ActiveRecord: 0.3ms)


Started DELETE "/users/sign_out" for 127.0.0.1 at 2017-03-20 13:56:51 +0100
Processing by Devise::SessionsController#destroy as HTML
  Parameters: {"authenticity_token"=>"PhgyoabWX87tq1hCtqwgF266gnOkfSc64D2TuLqRphEbZbkdpzZYwy1smTTqv5T9GRNXxHYnnWy1uf9GF6h24w=="}
  [1m[36mUser Load (0.1ms)[0m  [1mSELECT  "users".* FROM "users" WHERE "users"."id" = ?  ORDER BY "users"."id" ASC LIMIT 1[0m  [["id", 1]]
  [1m[35m (0.1ms)[0m  begin transaction
  [1m[36m (0.1ms)[0m  [1mcommit transaction[0m
Redirected to http://localhost:3000/
Completed 302 Found in 6ms (ActiveRecord: 0.3ms)


Started DELETE "/users/sign_out" for 127.0.0.1 at 2017-03-20 13:56:51 +0100
Processing by Devise::SessionsController#destroy as HTML
  Parameters: {"authenticity_token"=>"PhgyoabWX87tq1hCtqwgF266gnOkfSc64D2TuLqRphEbZbkdpzZYwy1smTTqv5T9GRNXxHYnnWy1uf9GF6h24w=="}
Redirected to http://localhost:3000/
Filter chain halted as :verify_signed_out_user rendered or redirected
Completed 302 Found in 1ms (ActiveRecord: 0.0ms)


Started GET "/" for 127.0.0.1 at 2017-03-20 13:56:51 +0100
Processing by ProductsController#index as HTML
Completed 401 Unauthorized in 0ms (ActiveRecord: 0.0ms)


Started GET "/users/sign_in" for 127.0.0.1 at 2017-03-20 13:56:51 +0100
Processing by Devise::SessionsController#new as HTML
  Rendered /var/lib/gems/2.3.0/gems/devise-4.2.1/app/views/devise/shared/_links.html.erb (1.6ms)
  Rendered /var/lib/gems/2.3.0/gems/devise-4.2.1/app/views/devise/sessions/new.html.erb within layouts/application (5.2ms)
Completed 200 OK in 37ms (Views: 35.5ms | ActiveRecord: 0.0ms)


Started POST "/users/sign_in" for 127.0.0.1 at 2017-03-20 13:56:57 +0100
Processing by Devise::SessionsController#create as HTML
  Parameters: {"utf8"=>"✓", "authenticity_token"=>"NeVEbfGBQwqDs0hpOAeJVP1VHlX8irOqgOWZ5rXwfjtAsycqTfGCsMJVykPwtYtxHiUaIPAtTQtAqbIS0yOrgA==", "user"=>{"email"=>"admin@admin.pl", "password"=>"[FILTERED]", "remember_me"=>"0"}, "commit"=>"Log in"}
  [1m[35mUser Load (0.2ms)[0m  SELECT  "users".* FROM "users" WHERE "users"."email" = ?  ORDER BY "users"."id" ASC LIMIT 1  [["email", "admin@admin.pl"]]
  [1m[36m (0.1ms)[0m  [1mbegin transaction[0m
  [1m[35mSQL (0.5ms)[0m  UPDATE "users" SET "current_sign_in_at" = ?, "sign_in_count" = ?, "updated_at" = ? WHERE "users"."id" = ?  [["current_sign_in_at", "2017-03-20 12:56:57.760971"], ["sign_in_count", 2], ["updated_at", "2017-03-20 12:56:57.762224"], ["id", 1]]
  [1m[36m (97.3ms)[0m  [1mcommit transaction[0m
Redirected to http://localhost:3000/
Completed 302 Found in 282ms (ActiveRecord: 98.0ms)


Started GET "/" for 127.0.0.1 at 2017-03-20 13:56:57 +0100
Processing by ProductsController#index as HTML
  [1m[35mUser Load (0.2ms)[0m  SELECT  "users".* FROM "users" WHERE "users"."id" = ?  ORDER BY "users"."id" ASC LIMIT 1  [["id", 1]]
  [1m[36mProduct Load (0.2ms)[0m  [1mSELECT "products".* FROM "products"[0m
  Rendered products/index.html.erb within layouts/application (29.5ms)
Completed 200 OK in 36ms (Views: 34.6ms | ActiveRecord: 0.3ms)


Started GET "/products/new" for 127.0.0.1 at 2017-03-20 13:57:00 +0100
Processing by ProductsController#new as HTML
  [1m[35mUser Load (0.1ms)[0m  SELECT  "users".* FROM "users" WHERE "users"."id" = ?  ORDER BY "users"."id" ASC LIMIT 1  [["id", 1]]
  Rendered products/_form.html.erb (3.1ms)
  Rendered products/new.html.erb within layouts/application (5.4ms)
Completed 200 OK in 43ms (Views: 41.0ms | ActiveRecord: 0.1ms)


Started GET "/products" for 127.0.0.1 at 2017-03-20 13:57:02 +0100
Processing by ProductsController#index as HTML
  [1m[36mUser Load (0.2ms)[0m  [1mSELECT  "users".* FROM "users" WHERE "users"."id" = ?  ORDER BY "users"."id" ASC LIMIT 1[0m  [["id", 1]]
  [1m[35mProduct Load (0.1ms)[0m  SELECT "products".* FROM "products"
  Rendered products/index.html.erb within layouts/application (25.5ms)
Completed 200 OK in 48ms (Views: 44.6ms | ActiveRecord: 0.4ms)


Started GET "/products" for 127.0.0.1 at 2017-03-20 13:57:58 +0100
Processing by ProductsController#index as HTML
  [1m[36mUser Load (0.3ms)[0m  [1mSELECT  "users".* FROM "users" WHERE "users"."id" = ?  ORDER BY "users"."id" ASC LIMIT 1[0m  [["id", 1]]
  [1m[35mProduct Load (0.1ms)[0m  SELECT "products".* FROM "products"
  Rendered products/index.html.erb within layouts/application (20.2ms)
Completed 200 OK in 32ms (Views: 28.9ms | ActiveRecord: 0.4ms)


Started GET "/products/1/edit" for 127.0.0.1 at 2017-03-20 13:58:05 +0100
Processing by ProductsController#edit as HTML
  Parameters: {"id"=>"1"}
  [1m[36mUser Load (0.2ms)[0m  [1mSELECT  "users".* FROM "users" WHERE "users"."id" = ?  ORDER BY "users"."id" ASC LIMIT 1[0m  [["id", 1]]
  [1m[35mProduct Load (0.1ms)[0m  SELECT  "products".* FROM "products" WHERE "products"."id" = ? LIMIT 1  [["id", 1]]
  Rendered products/_form.html.erb (2.9ms)
  Rendered products/edit.html.erb within layouts/application (4.5ms)
Completed 200 OK in 39ms (Views: 36.9ms | ActiveRecord: 0.3ms)


Started GET "/products/1" for 127.0.0.1 at 2017-03-20 13:58:07 +0100
Processing by ProductsController#show as HTML
  Parameters: {"id"=>"1"}
  [1m[36mUser Load (0.1ms)[0m  [1mSELECT  "users".* FROM "users" WHERE "users"."id" = ?  ORDER BY "users"."id" ASC LIMIT 1[0m  [["id", 1]]
  [1m[35mProduct Load (0.1ms)[0m  SELECT  "products".* FROM "products" WHERE "products"."id" = ? LIMIT 1  [["id", 1]]
  Rendered products/show.html.erb within layouts/application (0.3ms)
Completed 200 OK in 29ms (Views: 26.2ms | ActiveRecord: 0.2ms)


Started GET "/products" for 127.0.0.1 at 2017-03-20 13:58:09 +0100
Processing by ProductsController#index as HTML
  [1m[36mUser Load (0.1ms)[0m  [1mSELECT  "users".* FROM "users" WHERE "users"."id" = ?  ORDER BY "users"."id" ASC LIMIT 1[0m  [["id", 1]]
  [1m[35mProduct Load (0.4ms)[0m  SELECT "products".* FROM "products"
  Rendered products/index.html.erb within layouts/application (29.1ms)
Completed 200 OK in 39ms (Views: 37.6ms | ActiveRecord: 0.4ms)


Started GET "/products" for 127.0.0.1 at 2017-03-20 13:59:39 +0100
Processing by ProductsController#index as HTML
  [1m[36mUser Load (0.1ms)[0m  [1mSELECT  "users".* FROM "users" WHERE "users"."id" = ?  ORDER BY "users"."id" ASC LIMIT 1[0m  [["id", 1]]
  [1m[35mProduct Load (0.1ms)[0m  SELECT "products".* FROM "products"
  Rendered products/index.html.erb within layouts/application (24.0ms)
Completed 200 OK in 33ms (Views: 30.9ms | ActiveRecord: 0.3ms)


Started GET "/products" for 127.0.0.1 at 2017-03-20 14:00:19 +0100
Processing by ProductsController#index as HTML
  [1m[36mUser Load (0.1ms)[0m  [1mSELECT  "users".* FROM "users" WHERE "users"."id" = ?  ORDER BY "users"."id" ASC LIMIT 1[0m  [["id", 1]]
  [1m[35mProduct Load (0.1ms)[0m  SELECT "products".* FROM "products"
  Rendered products/index.html.erb within layouts/application (21.3ms)
Completed 200 OK in 29ms (Views: 27.9ms | ActiveRecord: 0.2ms)


Started GET "/products" for 127.0.0.1 at 2017-03-20 14:00:32 +0100
Processing by ProductsController#index as HTML
  [1m[36mUser Load (0.1ms)[0m  [1mSELECT  "users".* FROM "users" WHERE "users"."id" = ?  ORDER BY "users"."id" ASC LIMIT 1[0m  [["id", 1]]
  [1m[35mProduct Load (0.1ms)[0m  SELECT "products".* FROM "products"
  Rendered products/index.html.erb within layouts/application (20.9ms)
Completed 200 OK in 28ms (Views: 26.5ms | ActiveRecord: 0.2ms)


Started GET "/products" for 127.0.0.1 at 2017-03-20 14:00:43 +0100
Processing by ProductsController#index as HTML
  [1m[36mUser Load (0.1ms)[0m  [1mSELECT  "users".* FROM "users" WHERE "users"."id" = ?  ORDER BY "users"."id" ASC LIMIT 1[0m  [["id", 1]]
  [1m[35mProduct Load (0.1ms)[0m  SELECT "products".* FROM "products"
  Rendered products/index.html.erb within layouts/application (19.9ms)
Completed 200 OK in 27ms (Views: 25.4ms | ActiveRecord: 0.2ms)


Started GET "/products" for 127.0.0.1 at 2017-03-20 14:01:15 +0100
Processing by ProductsController#index as HTML
  [1m[36mUser Load (0.2ms)[0m  [1mSELECT  "users".* FROM "users" WHERE "users"."id" = ?  ORDER BY "users"."id" ASC LIMIT 1[0m  [["id", 1]]
  [1m[35mProduct Load (0.1ms)[0m  SELECT "products".* FROM "products"
  Rendered products/index.html.erb within layouts/application (24.4ms)
Completed 200 OK in 32ms (Views: 29.0ms | ActiveRecord: 0.3ms)


Started GET "/products" for 127.0.0.1 at 2017-03-20 14:01:34 +0100
Processing by ProductsController#index as HTML
  [1m[36mUser Load (0.1ms)[0m  [1mSELECT  "users".* FROM "users" WHERE "users"."id" = ?  ORDER BY "users"."id" ASC LIMIT 1[0m  [["id", 1]]
  [1m[35mProduct Load (0.1ms)[0m  SELECT "products".* FROM "products"
  Rendered products/index.html.erb within layouts/application (19.7ms)
Completed 200 OK in 27ms (Views: 25.0ms | ActiveRecord: 0.3ms)


Started GET "/products" for 127.0.0.1 at 2017-03-20 14:02:09 +0100
Processing by ProductsController#index as HTML
  [1m[36mUser Load (0.1ms)[0m  [1mSELECT  "users".* FROM "users" WHERE "users"."id" = ?  ORDER BY "users"."id" ASC LIMIT 1[0m  [["id", 1]]
  [1m[35mProduct Load (0.2ms)[0m  SELECT "products".* FROM "products"
  Rendered products/index.html.erb within layouts/application (21.9ms)
Completed 200 OK in 30ms (Views: 27.6ms | ActiveRecord: 0.4ms)


Started GET "/products/2/edit" for 127.0.0.1 at 2017-03-20 14:02:13 +0100
Processing by ProductsController#edit as HTML
  Parameters: {"id"=>"2"}
  [1m[36mUser Load (0.1ms)[0m  [1mSELECT  "users".* FROM "users" WHERE "users"."id" = ?  ORDER BY "users"."id" ASC LIMIT 1[0m  [["id", 1]]
  [1m[35mProduct Load (0.1ms)[0m  SELECT  "products".* FROM "products" WHERE "products"."id" = ? LIMIT 1  [["id", 2]]
  Rendered products/_form.html.erb (2.9ms)
  Rendered products/edit.html.erb within layouts/application (3.9ms)
Completed 200 OK in 44ms (Views: 42.3ms | ActiveRecord: 0.2ms)


Started GET "/products" for 127.0.0.1 at 2017-03-20 14:02:15 +0100
Processing by ProductsController#index as HTML
  [1m[36mUser Load (0.1ms)[0m  [1mSELECT  "users".* FROM "users" WHERE "users"."id" = ?  ORDER BY "users"."id" ASC LIMIT 1[0m  [["id", 1]]
  [1m[35mProduct Load (0.3ms)[0m  SELECT "products".* FROM "products"
  Rendered products/index.html.erb within layouts/application (32.0ms)
Completed 200 OK in 43ms (Views: 41.4ms | ActiveRecord: 0.4ms)


Started GET "/products" for 127.0.0.1 at 2017-03-20 14:03:01 +0100
Processing by ProductsController#index as HTML
  [1m[36mUser Load (0.1ms)[0m  [1mSELECT  "users".* FROM "users" WHERE "users"."id" = ?  ORDER BY "users"."id" ASC LIMIT 1[0m  [["id", 1]]
  [1m[35mProduct Load (0.1ms)[0m  SELECT "products".* FROM "products"
  Rendered products/index.html.erb within layouts/application (25.0ms)
Completed 200 OK in 34ms (Views: 32.7ms | ActiveRecord: 0.2ms)


Started GET "/products/1/edit" for 127.0.0.1 at 2017-03-20 14:03:03 +0100
Processing by ProductsController#edit as HTML
  Parameters: {"id"=>"1"}
  [1m[36mUser Load (0.1ms)[0m  [1mSELECT  "users".* FROM "users" WHERE "users"."id" = ?  ORDER BY "users"."id" ASC LIMIT 1[0m  [["id", 1]]
  [1m[35mProduct Load (0.0ms)[0m  SELECT  "products".* FROM "products" WHERE "products"."id" = ? LIMIT 1  [["id", 1]]
  Rendered products/_form.html.erb (6.8ms)
  Rendered products/edit.html.erb within layouts/application (33.8ms)
Completed 200 OK in 48ms (Views: 46.6ms | ActiveRecord: 0.1ms)


Started GET "/products" for 127.0.0.1 at 2017-03-20 14:03:07 +0100
Processing by ProductsController#index as HTML
  [1m[36mUser Load (0.2ms)[0m  [1mSELECT  "users".* FROM "users" WHERE "users"."id" = ?  ORDER BY "users"."id" ASC LIMIT 1[0m  [["id", 1]]
  [1m[35mProduct Load (0.4ms)[0m  SELECT "products".* FROM "products"
  Rendered products/index.html.erb within layouts/application (35.4ms)
Completed 200 OK in 51ms (Views: 46.4ms | ActiveRecord: 0.6ms)


Started GET "/products/1/edit" for 127.0.0.1 at 2017-03-20 14:03:08 +0100
Processing by ProductsController#edit as HTML
  Parameters: {"id"=>"1"}
  [1m[36mUser Load (0.1ms)[0m  [1mSELECT  "users".* FROM "users" WHERE "users"."id" = ?  ORDER BY "users"."id" ASC LIMIT 1[0m  [["id", 1]]
  [1m[35mProduct Load (0.1ms)[0m  SELECT  "products".* FROM "products" WHERE "products"."id" = ? LIMIT 1  [["id", 1]]
  Rendered products/_form.html.erb (2.3ms)
  Rendered products/edit.html.erb within layouts/application (34.0ms)
Completed 200 OK in 45ms (Views: 42.9ms | ActiveRecord: 0.1ms)


Started GET "/products" for 127.0.0.1 at 2017-03-20 14:03:10 +0100
Processing by ProductsController#index as HTML
  [1m[36mUser Load (0.1ms)[0m  [1mSELECT  "users".* FROM "users" WHERE "users"."id" = ?  ORDER BY "users"."id" ASC LIMIT 1[0m  [["id", 1]]
  [1m[35mProduct Load (0.1ms)[0m  SELECT "products".* FROM "products"
  Rendered products/index.html.erb within layouts/application (34.2ms)
Completed 200 OK in 43ms (Views: 40.8ms | ActiveRecord: 0.3ms)


Started GET "/products/2/edit" for 127.0.0.1 at 2017-03-20 14:03:11 +0100
Processing by ProductsController#edit as HTML
  Parameters: {"id"=>"2"}
  [1m[36mUser Load (0.1ms)[0m  [1mSELECT  "users".* FROM "users" WHERE "users"."id" = ?  ORDER BY "users"."id" ASC LIMIT 1[0m  [["id", 1]]
  [1m[35mProduct Load (0.3ms)[0m  SELECT  "products".* FROM "products" WHERE "products"."id" = ? LIMIT 1  [["id", 2]]
  Rendered products/_form.html.erb (2.4ms)
  Rendered products/edit.html.erb within layouts/application (38.6ms)
Completed 200 OK in 50ms (Views: 48.1ms | ActiveRecord: 0.4ms)


Started GET "/products" for 127.0.0.1 at 2017-03-20 14:03:12 +0100
Processing by ProductsController#index as HTML
  [1m[36mUser Load (0.1ms)[0m  [1mSELECT  "users".* FROM "users" WHERE "users"."id" = ?  ORDER BY "users"."id" ASC LIMIT 1[0m  [["id", 1]]
  [1m[35mProduct Load (0.2ms)[0m  SELECT "products".* FROM "products"
  Rendered products/index.html.erb within layouts/application (25.5ms)
Completed 200 OK in 34ms (Views: 32.6ms | ActiveRecord: 0.2ms)


Started GET "/products/1/edit" for 127.0.0.1 at 2017-03-20 14:03:17 +0100
Processing by ProductsController#edit as HTML
  Parameters: {"id"=>"1"}
  [1m[36mUser Load (0.1ms)[0m  [1mSELECT  "users".* FROM "users" WHERE "users"."id" = ?  ORDER BY "users"."id" ASC LIMIT 1[0m  [["id", 1]]
  [1m[35mProduct Load (0.1ms)[0m  SELECT  "products".* FROM "products" WHERE "products"."id" = ? LIMIT 1  [["id", 1]]
  Rendered products/_form.html.erb (3.0ms)
  Rendered products/edit.html.erb within layouts/application (27.1ms)
Completed 200 OK in 37ms (Views: 34.6ms | ActiveRecord: 0.2ms)


Started GET "/products" for 127.0.0.1 at 2017-03-20 14:03:18 +0100
Processing by ProductsController#index as HTML
  [1m[36mUser Load (0.2ms)[0m  [1mSELECT  "users".* FROM "users" WHERE "users"."id" = ?  ORDER BY "users"."id" ASC LIMIT 1[0m  [["id", 1]]
  [1m[35mProduct Load (0.2ms)[0m  SELECT "products".* FROM "products"
  Rendered products/index.html.erb within layouts/application (25.7ms)
Completed 200 OK in 36ms (Views: 32.7ms | ActiveRecord: 0.4ms)


Started GET "/products/1/edit" for 127.0.0.1 at 2017-03-20 14:03:27 +0100
Processing by ProductsController#edit as HTML
  Parameters: {"id"=>"1"}
  [1m[36mUser Load (0.1ms)[0m  [1mSELECT  "users".* FROM "users" WHERE "users"."id" = ?  ORDER BY "users"."id" ASC LIMIT 1[0m  [["id", 1]]
  [1m[35mProduct Load (0.1ms)[0m  SELECT  "products".* FROM "products" WHERE "products"."id" = ? LIMIT 1  [["id", 1]]
  Rendered products/_form.html.erb (2.4ms)
  Rendered products/edit.html.erb within layouts/application (28.3ms)
Completed 200 OK in 38ms (Views: 35.7ms | ActiveRecord: 0.2ms)


Started GET "/products/1/edit" for 127.0.0.1 at 2017-03-20 14:03:46 +0100
Processing by ProductsController#edit as HTML
  Parameters: {"id"=>"1"}
  [1m[36mUser Load (0.1ms)[0m  [1mSELECT  "users".* FROM "users" WHERE "users"."id" = ?  ORDER BY "users"."id" ASC LIMIT 1[0m  [["id", 1]]
  [1m[35mProduct Load (0.1ms)[0m  SELECT  "products".* FROM "products" WHERE "products"."id" = ? LIMIT 1  [["id", 1]]
  Rendered products/_form.html.erb (1.7ms)
  Rendered products/edit.html.erb within layouts/application (21.9ms)
Completed 200 OK in 29ms (Views: 27.1ms | ActiveRecord: 0.2ms)


Started GET "/products" for 127.0.0.1 at 2017-03-20 14:03:47 +0100
Processing by ProductsController#index as HTML
  [1m[36mUser Load (0.1ms)[0m  [1mSELECT  "users".* FROM "users" WHERE "users"."id" = ?  ORDER BY "users"."id" ASC LIMIT 1[0m  [["id", 1]]
  [1m[35mProduct Load (0.1ms)[0m  SELECT "products".* FROM "products"
  Rendered products/index.html.erb within layouts/application (26.6ms)
Completed 200 OK in 35ms (Views: 33.4ms | ActiveRecord: 0.3ms)


Started GET "/products" for 127.0.0.1 at 2017-03-20 14:04:11 +0100
Processing by ProductsController#index as HTML
  [1m[36mUser Load (0.1ms)[0m  [1mSELECT  "users".* FROM "users" WHERE "users"."id" = ?  ORDER BY "users"."id" ASC LIMIT 1[0m  [["id", 1]]
  [1m[35mProduct Load (0.2ms)[0m  SELECT "products".* FROM "products"
  Rendered products/index.html.erb within layouts/application (27.0ms)
Completed 200 OK in 36ms (Views: 33.9ms | ActiveRecord: 0.3ms)


Started GET "/products/1/edit" for 127.0.0.1 at 2017-03-20 14:04:23 +0100
Processing by ProductsController#edit as HTML
  Parameters: {"id"=>"1"}
  [1m[36mUser Load (0.1ms)[0m  [1mSELECT  "users".* FROM "users" WHERE "users"."id" = ?  ORDER BY "users"."id" ASC LIMIT 1[0m  [["id", 1]]
  [1m[35mProduct Load (0.0ms)[0m  SELECT  "products".* FROM "products" WHERE "products"."id" = ? LIMIT 1  [["id", 1]]
  Rendered products/_form.html.erb (3.6ms)
  Rendered products/edit.html.erb within layouts/application (32.1ms)
Completed 200 OK in 40ms (Views: 38.6ms | ActiveRecord: 0.1ms)


Started GET "/products/1/edit" for 127.0.0.1 at 2017-03-20 14:04:33 +0100
Processing by ProductsController#edit as HTML
  Parameters: {"id"=>"1"}
  [1m[36mUser Load (0.1ms)[0m  [1mSELECT  "users".* FROM "users" WHERE "users"."id" = ?  ORDER BY "users"."id" ASC LIMIT 1[0m  [["id", 1]]
  [1m[35mProduct Load (0.0ms)[0m  SELECT  "products".* FROM "products" WHERE "products"."id" = ? LIMIT 1  [["id", 1]]
  Rendered products/_form.html.erb (1.5ms)
  Rendered products/edit.html.erb within layouts/application (27.1ms)
Completed 200 OK in 35ms (Views: 33.3ms | ActiveRecord: 0.1ms)


Started GET "/products" for 127.0.0.1 at 2017-03-20 14:04:35 +0100
Processing by ProductsController#index as HTML
  [1m[36mUser Load (0.1ms)[0m  [1mSELECT  "users".* FROM "users" WHERE "users"."id" = ?  ORDER BY "users"."id" ASC LIMIT 1[0m  [["id", 1]]
  [1m[35mProduct Load (0.4ms)[0m  SELECT "products".* FROM "products"
  Rendered products/index.html.erb within layouts/application (26.6ms)
Completed 200 OK in 38ms (Views: 36.1ms | ActiveRecord: 0.5ms)


Started GET "/products/new" for 127.0.0.1 at 2017-03-20 14:04:38 +0100
Processing by ProductsController#new as HTML
  [1m[36mUser Load (0.1ms)[0m  [1mSELECT  "users".* FROM "users" WHERE "users"."id" = ?  ORDER BY "users"."id" ASC LIMIT 1[0m  [["id", 1]]
  Rendered products/_form.html.erb (1.8ms)
  Rendered products/new.html.erb within layouts/application (2.3ms)
Completed 200 OK in 38ms (Views: 36.7ms | ActiveRecord: 0.1ms)


Started GET "/products" for 127.0.0.1 at 2017-03-20 14:04:39 +0100
Processing by ProductsController#index as HTML
  [1m[35mUser Load (0.1ms)[0m  SELECT  "users".* FROM "users" WHERE "users"."id" = ?  ORDER BY "users"."id" ASC LIMIT 1  [["id", 1]]
  [1m[36mProduct Load (0.1ms)[0m  [1mSELECT "products".* FROM "products"[0m
  Rendered products/index.html.erb within layouts/application (25.0ms)
Completed 200 OK in 34ms (Views: 32.5ms | ActiveRecord: 0.2ms)


Started GET "/products/1/edit" for 127.0.0.1 at 2017-03-20 14:04:41 +0100
Processing by ProductsController#edit as HTML
  Parameters: {"id"=>"1"}
  [1m[35mUser Load (0.1ms)[0m  SELECT  "users".* FROM "users" WHERE "users"."id" = ?  ORDER BY "users"."id" ASC LIMIT 1  [["id", 1]]
  [1m[36mProduct Load (0.1ms)[0m  [1mSELECT  "products".* FROM "products" WHERE "products"."id" = ? LIMIT 1[0m  [["id", 1]]
  Rendered products/_form.html.erb (3.4ms)
  Rendered products/edit.html.erb within layouts/application (29.7ms)
Completed 200 OK in 40ms (Views: 37.6ms | ActiveRecord: 0.2ms)


Started GET "/products" for 127.0.0.1 at 2017-03-20 14:04:43 +0100
Processing by ProductsController#index as HTML
  [1m[35mUser Load (0.1ms)[0m  SELECT  "users".* FROM "users" WHERE "users"."id" = ?  ORDER BY "users"."id" ASC LIMIT 1  [["id", 1]]
  [1m[36mProduct Load (0.3ms)[0m  [1mSELECT "products".* FROM "products"[0m
  Rendered products/index.html.erb within layouts/application (27.2ms)
Completed 200 OK in 40ms (Views: 37.4ms | ActiveRecord: 0.4ms)


Started GET "/products/1" for 127.0.0.1 at 2017-03-20 14:04:44 +0100
Processing by ProductsController#show as HTML
  Parameters: {"id"=>"1"}
  [1m[35mUser Load (0.1ms)[0m  SELECT  "users".* FROM "users" WHERE "users"."id" = ?  ORDER BY "users"."id" ASC LIMIT 1  [["id", 1]]
  [1m[36mProduct Load (0.2ms)[0m  [1mSELECT  "products".* FROM "products" WHERE "products"."id" = ? LIMIT 1[0m  [["id", 1]]
  Rendered products/show.html.erb within layouts/application (0.3ms)
Completed 200 OK in 30ms (Views: 28.0ms | ActiveRecord: 0.3ms)


Started GET "/products" for 127.0.0.1 at 2017-03-20 14:04:45 +0100
Processing by ProductsController#index as HTML
  [1m[35mUser Load (0.1ms)[0m  SELECT  "users".* FROM "users" WHERE "users"."id" = ?  ORDER BY "users"."id" ASC LIMIT 1  [["id", 1]]
  [1m[36mProduct Load (0.2ms)[0m  [1mSELECT "products".* FROM "products"[0m
  Rendered products/index.html.erb within layouts/application (29.6ms)
Completed 200 OK in 43ms (Views: 40.3ms | ActiveRecord: 0.3ms)


Started GET "/products/1/edit" for 127.0.0.1 at 2017-03-20 14:05:58 +0100
Processing by ProductsController#edit as HTML
  Parameters: {"id"=>"1"}
  [1m[35mUser Load (0.1ms)[0m  SELECT  "users".* FROM "users" WHERE "users"."id" = ?  ORDER BY "users"."id" ASC LIMIT 1  [["id", 1]]
  [1m[36mProduct Load (0.2ms)[0m  [1mSELECT  "products".* FROM "products" WHERE "products"."id" = ? LIMIT 1[0m  [["id", 1]]
  Rendered products/_form.html.erb (2.4ms)
  Rendered products/edit.html.erb within layouts/application (34.1ms)
Completed 200 OK in 44ms (Views: 40.6ms | ActiveRecord: 0.3ms)


Started GET "/products" for 127.0.0.1 at 2017-03-20 14:06:12 +0100
Processing by ProductsController#index as HTML
  [1m[35mUser Load (0.2ms)[0m  SELECT  "users".* FROM "users" WHERE "users"."id" = ?  ORDER BY "users"."id" ASC LIMIT 1  [["id", 1]]
  [1m[36mProduct Load (0.2ms)[0m  [1mSELECT "products".* FROM "products"[0m
  Rendered products/index.html.erb within layouts/application (26.5ms)
Completed 200 OK in 36ms (Views: 32.7ms | ActiveRecord: 0.3ms)


Started GET "/products/1/edit" for 127.0.0.1 at 2017-03-20 14:06:14 +0100
Processing by ProductsController#edit as HTML
  Parameters: {"id"=>"1"}
  [1m[35mUser Load (0.2ms)[0m  SELECT  "users".* FROM "users" WHERE "users"."id" = ?  ORDER BY "users"."id" ASC LIMIT 1  [["id", 1]]
  [1m[36mProduct Load (0.1ms)[0m  [1mSELECT  "products".* FROM "products" WHERE "products"."id" = ? LIMIT 1[0m  [["id", 1]]
  Rendered products/_form.html.erb (3.6ms)
  Rendered products/edit.html.erb within layouts/application (34.5ms)
Completed 200 OK in 46ms (Views: 43.2ms | ActiveRecord: 0.3ms)


Started GET "/products" for 127.0.0.1 at 2017-03-20 14:06:17 +0100
Processing by ProductsController#index as HTML
  [1m[35mUser Load (0.2ms)[0m  SELECT  "users".* FROM "users" WHERE "users"."id" = ?  ORDER BY "users"."id" ASC LIMIT 1  [["id", 1]]
  [1m[36mProduct Load (0.2ms)[0m  [1mSELECT "products".* FROM "products"[0m
  Rendered products/index.html.erb within layouts/application (34.1ms)
Completed 200 OK in 42ms (Views: 40.4ms | ActiveRecord: 0.3ms)


Started GET "/products/1/edit" for 127.0.0.1 at 2017-03-20 14:06:18 +0100
Processing by ProductsController#edit as HTML
  Parameters: {"id"=>"1"}
  [1m[35mUser Load (0.1ms)[0m  SELECT  "users".* FROM "users" WHERE "users"."id" = ?  ORDER BY "users"."id" ASC LIMIT 1  [["id", 1]]
  [1m[36mProduct Load (0.1ms)[0m  [1mSELECT  "products".* FROM "products" WHERE "products"."id" = ? LIMIT 1[0m  [["id", 1]]
  Rendered products/_form.html.erb (4.1ms)
  Rendered products/edit.html.erb within layouts/application (29.1ms)
Completed 200 OK in 39ms (Views: 37.0ms | ActiveRecord: 0.1ms)


Started GET "/products" for 127.0.0.1 at 2017-03-20 14:06:19 +0100
Processing by ProductsController#index as HTML
  [1m[35mUser Load (0.1ms)[0m  SELECT  "users".* FROM "users" WHERE "users"."id" = ?  ORDER BY "users"."id" ASC LIMIT 1  [["id", 1]]
  [1m[36mProduct Load (0.2ms)[0m  [1mSELECT "products".* FROM "products"[0m
  Rendered products/index.html.erb within layouts/application (36.4ms)
Completed 200 OK in 45ms (Views: 42.4ms | ActiveRecord: 0.3ms)


Started GET "/products/2/edit" for 127.0.0.1 at 2017-03-20 14:06:25 +0100
Processing by ProductsController#edit as HTML
  Parameters: {"id"=>"2"}
  [1m[35mUser Load (0.2ms)[0m  SELECT  "users".* FROM "users" WHERE "users"."id" = ?  ORDER BY "users"."id" ASC LIMIT 1  [["id", 1]]
  [1m[36mProduct Load (0.2ms)[0m  [1mSELECT  "products".* FROM "products" WHERE "products"."id" = ? LIMIT 1[0m  [["id", 2]]
  Rendered products/_form.html.erb (1.4ms)
  Rendered products/edit.html.erb within layouts/application (34.2ms)
Completed 200 OK in 46ms (Views: 43.0ms | ActiveRecord: 0.4ms)


Started GET "/products" for 127.0.0.1 at 2017-03-20 14:06:26 +0100
Processing by ProductsController#index as HTML
  [1m[35mUser Load (0.1ms)[0m  SELECT  "users".* FROM "users" WHERE "users"."id" = ?  ORDER BY "users"."id" ASC LIMIT 1  [["id", 1]]
  [1m[36mProduct Load (0.2ms)[0m  [1mSELECT "products".* FROM "products"[0m
  Rendered products/index.html.erb within layouts/application (22.4ms)
Completed 200 OK in 31ms (Views: 28.9ms | ActiveRecord: 0.4ms)


Started GET "/products/1" for 127.0.0.1 at 2017-03-20 14:06:28 +0100
Processing by ProductsController#show as HTML
  Parameters: {"id"=>"1"}
  [1m[35mUser Load (0.1ms)[0m  SELECT  "users".* FROM "users" WHERE "users"."id" = ?  ORDER BY "users"."id" ASC LIMIT 1  [["id", 1]]
  [1m[36mProduct Load (0.1ms)[0m  [1mSELECT  "products".* FROM "products" WHERE "products"."id" = ? LIMIT 1[0m  [["id", 1]]
  Rendered products/show.html.erb within layouts/application (23.9ms)
Completed 200 OK in 33ms (Views: 31.1ms | ActiveRecord: 0.2ms)


Started GET "/products" for 127.0.0.1 at 2017-03-20 14:06:30 +0100
Processing by ProductsController#index as HTML
  [1m[35mUser Load (0.1ms)[0m  SELECT  "users".* FROM "users" WHERE "users"."id" = ?  ORDER BY "users"."id" ASC LIMIT 1  [["id", 1]]
  [1m[36mProduct Load (0.2ms)[0m  [1mSELECT "products".* FROM "products"[0m
  Rendered products/index.html.erb within layouts/application (29.8ms)
Completed 200 OK in 37ms (Views: 35.6ms | ActiveRecord: 0.3ms)


Started GET "/products/1" for 127.0.0.1 at 2017-03-20 14:06:31 +0100
Processing by ProductsController#show as HTML
  Parameters: {"id"=>"1"}
  [1m[35mUser Load (0.1ms)[0m  SELECT  "users".* FROM "users" WHERE "users"."id" = ?  ORDER BY "users"."id" ASC LIMIT 1  [["id", 1]]
  [1m[36mProduct Load (0.1ms)[0m  [1mSELECT  "products".* FROM "products" WHERE "products"."id" = ? LIMIT 1[0m  [["id", 1]]
  Rendered products/show.html.erb within layouts/application (36.1ms)
Completed 200 OK in 51ms (Views: 49.4ms | ActiveRecord: 0.1ms)


Started GET "/products" for 127.0.0.1 at 2017-03-20 14:06:32 +0100
Processing by ProductsController#index as HTML
  [1m[35mUser Load (0.1ms)[0m  SELECT  "users".* FROM "users" WHERE "users"."id" = ?  ORDER BY "users"."id" ASC LIMIT 1  [["id", 1]]
  [1m[36mProduct Load (0.2ms)[0m  [1mSELECT "products".* FROM "products"[0m
  Rendered products/index.html.erb within layouts/application (26.7ms)
Completed 200 OK in 37ms (Views: 34.4ms | ActiveRecord: 0.3ms)


Started GET "/products/1/edit" for 127.0.0.1 at 2017-03-20 14:06:33 +0100
Processing by ProductsController#edit as HTML
  Parameters: {"id"=>"1"}
  [1m[35mUser Load (0.1ms)[0m  SELECT  "users".* FROM "users" WHERE "users"."id" = ?  ORDER BY "users"."id" ASC LIMIT 1  [["id", 1]]
  [1m[36mProduct Load (0.0ms)[0m  [1mSELECT  "products".* FROM "products" WHERE "products"."id" = ? LIMIT 1[0m  [["id", 1]]
  Rendered products/_form.html.erb (1.5ms)
  Rendered products/edit.html.erb within layouts/application (21.7ms)
Completed 200 OK in 29ms (Views: 28.0ms | ActiveRecord: 0.1ms)


Started GET "/products" for 127.0.0.1 at 2017-03-20 14:06:34 +0100
Processing by ProductsController#index as HTML
  [1m[35mUser Load (0.1ms)[0m  SELECT  "users".* FROM "users" WHERE "users"."id" = ?  ORDER BY "users"."id" ASC LIMIT 1  [["id", 1]]
  [1m[36mProduct Load (0.2ms)[0m  [1mSELECT "products".* FROM "products"[0m
  Rendered products/index.html.erb within layouts/application (23.4ms)
Completed 200 OK in 33ms (Views: 31.2ms | ActiveRecord: 0.3ms)


Started GET "/products/1" for 127.0.0.1 at 2017-03-20 14:06:36 +0100
Processing by ProductsController#show as HTML
  Parameters: {"id"=>"1"}
  [1m[35mUser Load (0.1ms)[0m  SELECT  "users".* FROM "users" WHERE "users"."id" = ?  ORDER BY "users"."id" ASC LIMIT 1  [["id", 1]]
  [1m[36mProduct Load (0.1ms)[0m  [1mSELECT  "products".* FROM "products" WHERE "products"."id" = ? LIMIT 1[0m  [["id", 1]]
  Rendered products/show.html.erb within layouts/application (34.2ms)
Completed 200 OK in 43ms (Views: 41.4ms | ActiveRecord: 0.2ms)


Started GET "/products/1/edit" for 127.0.0.1 at 2017-03-20 14:06:41 +0100
Processing by ProductsController#edit as HTML
  Parameters: {"id"=>"1"}
  [1m[35mUser Load (0.1ms)[0m  SELECT  "users".* FROM "users" WHERE "users"."id" = ?  ORDER BY "users"."id" ASC LIMIT 1  [["id", 1]]
  [1m[36mProduct Load (0.1ms)[0m  [1mSELECT  "products".* FROM "products" WHERE "products"."id" = ? LIMIT 1[0m  [["id", 1]]
  Rendered products/_form.html.erb (1.5ms)
  Rendered products/edit.html.erb within layouts/application (28.7ms)
Completed 200 OK in 40ms (Views: 36.3ms | ActiveRecord: 0.2ms)


Started GET "/products" for 127.0.0.1 at 2017-03-20 14:06:42 +0100
Processing by ProductsController#index as HTML
  [1m[35mUser Load (0.1ms)[0m  SELECT  "users".* FROM "users" WHERE "users"."id" = ?  ORDER BY "users"."id" ASC LIMIT 1  [["id", 1]]
  [1m[36mProduct Load (0.2ms)[0m  [1mSELECT "products".* FROM "products"[0m
  Rendered products/index.html.erb within layouts/application (29.7ms)
Completed 200 OK in 45ms (Views: 43.4ms | ActiveRecord: 0.3ms)


Started DELETE "/products/2" for 127.0.0.1 at 2017-03-20 14:06:50 +0100
Processing by ProductsController#destroy as HTML
  Parameters: {"authenticity_token"=>"2vzKBmNcrQf2zWesqRuMX0O17gdjMDlt5CBTjXI8URWfpBArNhMjv+EP2Cbo0cPvc4C9CeaSzMLmtj6aVTLAxA==", "id"=>"2"}
  [1m[35mUser Load (0.1ms)[0m  SELECT  "users".* FROM "users" WHERE "users"."id" = ?  ORDER BY "users"."id" ASC LIMIT 1  [["id", 1]]
  [1m[36mProduct Load (0.1ms)[0m  [1mSELECT  "products".* FROM "products" WHERE "products"."id" = ? LIMIT 1[0m  [["id", 2]]
  [1m[35m (0.1ms)[0m  begin transaction
  [1m[36mSQL (0.2ms)[0m  [1mDELETE FROM "products" WHERE "products"."id" = ?[0m  [["id", 2]]
  [1m[35m (112.6ms)[0m  commit transaction
Redirected to http://localhost:3000/products
Completed 302 Found in 117ms (ActiveRecord: 113.1ms)


Started GET "/products" for 127.0.0.1 at 2017-03-20 14:06:50 +0100
Processing by ProductsController#index as HTML
  [1m[36mUser Load (0.3ms)[0m  [1mSELECT  "users".* FROM "users" WHERE "users"."id" = ?  ORDER BY "users"."id" ASC LIMIT 1[0m  [["id", 1]]
  [1m[35mProduct Load (0.1ms)[0m  SELECT "products".* FROM "products"
  Rendered products/index.html.erb within layouts/application (19.1ms)
Completed 200 OK in 28ms (Views: 26.3ms | ActiveRecord: 0.5ms)


Started GET "/users/edit" for 127.0.0.1 at 2017-03-20 14:06:55 +0100
Processing by Devise::RegistrationsController#edit as HTML
  [1m[36mUser Load (0.2ms)[0m  [1mSELECT  "users".* FROM "users" WHERE "users"."id" = ?  ORDER BY "users"."id" ASC LIMIT 1[0m  [["id", 1]]
  Rendered /var/lib/gems/2.3.0/gems/devise-4.2.1/app/views/devise/registrations/edit.html.erb within layouts/application (10.1ms)
Completed 200 OK in 45ms (Views: 43.2ms | ActiveRecord: 0.2ms)


Started GET "/products" for 127.0.0.1 at 2017-03-20 14:06:57 +0100
Processing by ProductsController#index as HTML
  [1m[35mUser Load (0.1ms)[0m  SELECT  "users".* FROM "users" WHERE "users"."id" = ?  ORDER BY "users"."id" ASC LIMIT 1  [["id", 1]]
  [1m[36mProduct Load (0.2ms)[0m  [1mSELECT "products".* FROM "products"[0m
  Rendered products/index.html.erb within layouts/application (32.4ms)
Completed 200 OK in 45ms (Views: 43.0ms | ActiveRecord: 0.3ms)


Started GET "/users/edit" for 127.0.0.1 at 2017-03-20 14:06:58 +0100
Processing by Devise::RegistrationsController#edit as HTML
  [1m[35mUser Load (0.1ms)[0m  SELECT  "users".* FROM "users" WHERE "users"."id" = ?  ORDER BY "users"."id" ASC LIMIT 1  [["id", 1]]
  Rendered /var/lib/gems/2.3.0/gems/devise-4.2.1/app/views/devise/registrations/edit.html.erb within layouts/application (2.7ms)
Completed 200 OK in 33ms (Views: 31.7ms | ActiveRecord: 0.1ms)


Started GET "/products" for 127.0.0.1 at 2017-03-20 14:07:00 +0100
Processing by ProductsController#index as HTML
  [1m[36mUser Load (0.1ms)[0m  [1mSELECT  "users".* FROM "users" WHERE "users"."id" = ?  ORDER BY "users"."id" ASC LIMIT 1[0m  [["id", 1]]
  [1m[35mProduct Load (0.2ms)[0m  SELECT "products".* FROM "products"
  Rendered products/index.html.erb within layouts/application (31.8ms)
Completed 200 OK in 39ms (Views: 37.2ms | ActiveRecord: 0.3ms)


Started GET "/users/edit" for 127.0.0.1 at 2017-03-20 14:07:01 +0100
Processing by Devise::RegistrationsController#edit as HTML
  [1m[36mUser Load (0.1ms)[0m  [1mSELECT  "users".* FROM "users" WHERE "users"."id" = ?  ORDER BY "users"."id" ASC LIMIT 1[0m  [["id", 1]]
  Rendered /var/lib/gems/2.3.0/gems/devise-4.2.1/app/views/devise/registrations/edit.html.erb within layouts/application (1.9ms)
Completed 200 OK in 33ms (Views: 31.3ms | ActiveRecord: 0.1ms)


Started GET "/products" for 127.0.0.1 at 2017-03-20 14:07:05 +0100
Processing by ProductsController#index as HTML
  [1m[35mUser Load (0.1ms)[0m  SELECT  "users".* FROM "users" WHERE "users"."id" = ?  ORDER BY "users"."id" ASC LIMIT 1  [["id", 1]]
  [1m[36mProduct Load (0.1ms)[0m  [1mSELECT "products".* FROM "products"[0m
  Rendered products/index.html.erb within layouts/application (19.3ms)
Completed 200 OK in 35ms (Views: 33.0ms | ActiveRecord: 0.3ms)


Started GET "/products/1/edit" for 127.0.0.1 at 2017-03-20 14:07:07 +0100
Processing by ProductsController#edit as HTML
  Parameters: {"id"=>"1"}
  [1m[35mUser Load (0.1ms)[0m  SELECT  "users".* FROM "users" WHERE "users"."id" = ?  ORDER BY "users"."id" ASC LIMIT 1  [["id", 1]]
  [1m[36mProduct Load (0.1ms)[0m  [1mSELECT  "products".* FROM "products" WHERE "products"."id" = ? LIMIT 1[0m  [["id", 1]]
  Rendered products/_form.html.erb (1.6ms)
  Rendered products/edit.html.erb within layouts/application (21.0ms)
Completed 200 OK in 31ms (Views: 29.0ms | ActiveRecord: 0.2ms)


Started GET "/products" for 127.0.0.1 at 2017-03-20 14:07:09 +0100
Processing by ProductsController#index as HTML
  [1m[35mUser Load (0.1ms)[0m  SELECT  "users".* FROM "users" WHERE "users"."id" = ?  ORDER BY "users"."id" ASC LIMIT 1  [["id", 1]]
  [1m[36mProduct Load (0.1ms)[0m  [1mSELECT "products".* FROM "products"[0m
  Rendered products/index.html.erb within layouts/application (21.5ms)
Completed 200 OK in 31ms (Views: 28.7ms | ActiveRecord: 0.3ms)


Started GET "/products/1/edit" for 127.0.0.1 at 2017-03-20 14:07:11 +0100
Processing by ProductsController#edit as HTML
  Parameters: {"id"=>"1"}
  [1m[35mUser Load (0.1ms)[0m  SELECT  "users".* FROM "users" WHERE "users"."id" = ?  ORDER BY "users"."id" ASC LIMIT 1  [["id", 1]]
  [1m[36mProduct Load (0.1ms)[0m  [1mSELECT  "products".* FROM "products" WHERE "products"."id" = ? LIMIT 1[0m  [["id", 1]]
  Rendered products/_form.html.erb (5.6ms)
  Rendered products/edit.html.erb within layouts/application (29.8ms)
Completed 200 OK in 37ms (Views: 35.1ms | ActiveRecord: 0.2ms)


Started GET "/products" for 127.0.0.1 at 2017-03-20 14:07:12 +0100
Processing by ProductsController#index as HTML
  [1m[35mUser Load (0.1ms)[0m  SELECT  "users".* FROM "users" WHERE "users"."id" = ?  ORDER BY "users"."id" ASC LIMIT 1  [["id", 1]]
  [1m[36mProduct Load (0.2ms)[0m  [1mSELECT "products".* FROM "products"[0m
  Rendered products/index.html.erb within layouts/application (30.1ms)
Completed 200 OK in 40ms (Views: 36.7ms | ActiveRecord: 0.4ms)


Started GET "/products/1/edit" for 127.0.0.1 at 2017-03-20 14:07:24 +0100
Processing by ProductsController#edit as HTML
  Parameters: {"id"=>"1"}
  [1m[35mUser Load (0.1ms)[0m  SELECT  "users".* FROM "users" WHERE "users"."id" = ?  ORDER BY "users"."id" ASC LIMIT 1  [["id", 1]]
  [1m[36mProduct Load (0.2ms)[0m  [1mSELECT  "products".* FROM "products" WHERE "products"."id" = ? LIMIT 1[0m  [["id", 1]]
  Rendered products/_form.html.erb (2.9ms)
  Rendered products/edit.html.erb within layouts/application (37.4ms)
Completed 200 OK in 46ms (Views: 43.2ms | ActiveRecord: 0.4ms)


Started GET "/products" for 127.0.0.1 at 2017-03-20 14:07:29 +0100
Processing by ProductsController#index as HTML
  [1m[35mUser Load (0.1ms)[0m  SELECT  "users".* FROM "users" WHERE "users"."id" = ?  ORDER BY "users"."id" ASC LIMIT 1  [["id", 1]]
  [1m[36mProduct Load (0.5ms)[0m  [1mSELECT "products".* FROM "products"[0m
  Rendered products/index.html.erb within layouts/application (22.3ms)
Completed 200 OK in 35ms (Views: 33.0ms | ActiveRecord: 0.6ms)


Started GET "/products/1" for 127.0.0.1 at 2017-03-20 14:07:30 +0100
Processing by ProductsController#show as HTML
  Parameters: {"id"=>"1"}
  [1m[35mUser Load (0.1ms)[0m  SELECT  "users".* FROM "users" WHERE "users"."id" = ?  ORDER BY "users"."id" ASC LIMIT 1  [["id", 1]]
  [1m[36mProduct Load (0.1ms)[0m  [1mSELECT  "products".* FROM "products" WHERE "products"."id" = ? LIMIT 1[0m  [["id", 1]]
  Rendered products/show.html.erb within layouts/application (30.9ms)
Completed 200 OK in 40ms (Views: 37.4ms | ActiveRecord: 0.2ms)


Started GET "/products" for 127.0.0.1 at 2017-03-20 14:07:31 +0100
Processing by ProductsController#index as HTML
  [1m[35mUser Load (0.1ms)[0m  SELECT  "users".* FROM "users" WHERE "users"."id" = ?  ORDER BY "users"."id" ASC LIMIT 1  [["id", 1]]
  [1m[36mProduct Load (0.4ms)[0m  [1mSELECT "products".* FROM "products"[0m
  Rendered products/index.html.erb within layouts/application (27.2ms)
Completed 200 OK in 37ms (Views: 35.6ms | ActiveRecord: 0.5ms)


Started GET "/products/1/edit" for 127.0.0.1 at 2017-03-20 14:07:32 +0100
Processing by ProductsController#edit as HTML
  Parameters: {"id"=>"1"}
  [1m[35mUser Load (0.1ms)[0m  SELECT  "users".* FROM "users" WHERE "users"."id" = ?  ORDER BY "users"."id" ASC LIMIT 1  [["id", 1]]
  [1m[36mProduct Load (0.1ms)[0m  [1mSELECT  "products".* FROM "products" WHERE "products"."id" = ? LIMIT 1[0m  [["id", 1]]
  Rendered products/_form.html.erb (2.8ms)
  Rendered products/edit.html.erb within layouts/application (32.4ms)
Completed 200 OK in 43ms (Views: 40.9ms | ActiveRecord: 0.2ms)


Started GET "/products" for 127.0.0.1 at 2017-03-20 14:07:34 +0100
Processing by ProductsController#index as HTML
  [1m[35mUser Load (0.2ms)[0m  SELECT  "users".* FROM "users" WHERE "users"."id" = ?  ORDER BY "users"."id" ASC LIMIT 1  [["id", 1]]
  [1m[36mProduct Load (0.4ms)[0m  [1mSELECT "products".* FROM "products"[0m
  Rendered products/index.html.erb within layouts/application (31.5ms)
Completed 200 OK in 43ms (Views: 39.9ms | ActiveRecord: 0.5ms)


Started DELETE "/users/sign_out" for 127.0.0.1 at 2017-03-20 14:14:06 +0100
Processing by Devise::SessionsController#destroy as HTML
  Parameters: {"authenticity_token"=>"E9lO4UomyanLxsFiep8sRdhvJDhJd2ByLsdIPHjBWg1WgZTMH2lHEdwEfug7VWP16Fp3NszVld0sUSUrX8/L3A=="}
  [1m[35mUser Load (0.1ms)[0m  SELECT  "users".* FROM "users" WHERE "users"."id" = ?  ORDER BY "users"."id" ASC LIMIT 1  [["id", 1]]
  [1m[36m (0.1ms)[0m  [1mbegin transaction[0m
  [1m[35m (0.1ms)[0m  commit transaction
Redirected to http://localhost:3000/
Completed 302 Found in 4ms (ActiveRecord: 0.3ms)


Started DELETE "/users/sign_out" for 127.0.0.1 at 2017-03-20 14:14:06 +0100
Processing by Devise::SessionsController#destroy as HTML
  Parameters: {"authenticity_token"=>"E9lO4UomyanLxsFiep8sRdhvJDhJd2ByLsdIPHjBWg1WgZTMH2lHEdwEfug7VWP16Fp3NszVld0sUSUrX8/L3A=="}
Redirected to http://localhost:3000/
Filter chain halted as :verify_signed_out_user rendered or redirected
Completed 302 Found in 1ms (ActiveRecord: 0.0ms)


Started DELETE "/users/sign_out" for 127.0.0.1 at 2017-03-20 14:14:06 +0100
Processing by Devise::SessionsController#destroy as HTML
  Parameters: {"authenticity_token"=>"E9lO4UomyanLxsFiep8sRdhvJDhJd2ByLsdIPHjBWg1WgZTMH2lHEdwEfug7VWP16Fp3NszVld0sUSUrX8/L3A=="}
Redirected to http://localhost:3000/
Filter chain halted as :verify_signed_out_user rendered or redirected
Completed 302 Found in 2ms (ActiveRecord: 0.0ms)


Started DELETE "/users/sign_out" for 127.0.0.1 at 2017-03-20 14:14:06 +0100
Processing by Devise::SessionsController#destroy as HTML
  Parameters: {"authenticity_token"=>"E9lO4UomyanLxsFiep8sRdhvJDhJd2ByLsdIPHjBWg1WgZTMH2lHEdwEfug7VWP16Fp3NszVld0sUSUrX8/L3A=="}
Redirected to http://localhost:3000/
Filter chain halted as :verify_signed_out_user rendered or redirected
Completed 302 Found in 1ms (ActiveRecord: 0.0ms)


Started DELETE "/users/sign_out" for 127.0.0.1 at 2017-03-20 14:14:06 +0100
Processing by Devise::SessionsController#destroy as HTML
  Parameters: {"authenticity_token"=>"E9lO4UomyanLxsFiep8sRdhvJDhJd2ByLsdIPHjBWg1WgZTMH2lHEdwEfug7VWP16Fp3NszVld0sUSUrX8/L3A=="}
Redirected to http://localhost:3000/
Filter chain halted as :verify_signed_out_user rendered or redirected
Completed 302 Found in 1ms (ActiveRecord: 0.0ms)


Started DELETE "/users/sign_out" for 127.0.0.1 at 2017-03-20 14:14:06 +0100
Processing by Devise::SessionsController#destroy as HTML
  Parameters: {"authenticity_token"=>"E9lO4UomyanLxsFiep8sRdhvJDhJd2ByLsdIPHjBWg1WgZTMH2lHEdwEfug7VWP16Fp3NszVld0sUSUrX8/L3A=="}
Redirected to http://localhost:3000/
Filter chain halted as :verify_signed_out_user rendered or redirected
Completed 302 Found in 1ms (ActiveRecord: 0.0ms)


Started DELETE "/users/sign_out" for 127.0.0.1 at 2017-03-20 14:14:06 +0100
Processing by Devise::SessionsController#destroy as HTML
  Parameters: {"authenticity_token"=>"E9lO4UomyanLxsFiep8sRdhvJDhJd2ByLsdIPHjBWg1WgZTMH2lHEdwEfug7VWP16Fp3NszVld0sUSUrX8/L3A=="}
Redirected to http://localhost:3000/
Filter chain halted as :verify_signed_out_user rendered or redirected
Completed 302 Found in 1ms (ActiveRecord: 0.0ms)


Started DELETE "/users/sign_out" for 127.0.0.1 at 2017-03-20 14:14:06 +0100
Processing by Devise::SessionsController#destroy as HTML
  Parameters: {"authenticity_token"=>"E9lO4UomyanLxsFiep8sRdhvJDhJd2ByLsdIPHjBWg1WgZTMH2lHEdwEfug7VWP16Fp3NszVld0sUSUrX8/L3A=="}
Redirected to http://localhost:3000/
Filter chain halted as :verify_signed_out_user rendered or redirected
Completed 302 Found in 1ms (ActiveRecord: 0.0ms)


Started DELETE "/users/sign_out" for 127.0.0.1 at 2017-03-20 14:14:06 +0100
Processing by Devise::SessionsController#destroy as HTML
  Parameters: {"authenticity_token"=>"E9lO4UomyanLxsFiep8sRdhvJDhJd2ByLsdIPHjBWg1WgZTMH2lHEdwEfug7VWP16Fp3NszVld0sUSUrX8/L3A=="}
Redirected to http://localhost:3000/
Filter chain halted as :verify_signed_out_user rendered or redirected
Completed 302 Found in 1ms (ActiveRecord: 0.0ms)


Started DELETE "/users/sign_out" for 127.0.0.1 at 2017-03-20 14:14:06 +0100
Processing by Devise::SessionsController#destroy as HTML
  Parameters: {"authenticity_token"=>"E9lO4UomyanLxsFiep8sRdhvJDhJd2ByLsdIPHjBWg1WgZTMH2lHEdwEfug7VWP16Fp3NszVld0sUSUrX8/L3A=="}
Redirected to http://localhost:3000/
Filter chain halted as :verify_signed_out_user rendered or redirected
Completed 302 Found in 1ms (ActiveRecord: 0.0ms)


Started DELETE "/users/sign_out" for 127.0.0.1 at 2017-03-20 14:14:06 +0100
Processing by Devise::SessionsController#destroy as HTML
  Parameters: {"authenticity_token"=>"E9lO4UomyanLxsFiep8sRdhvJDhJd2ByLsdIPHjBWg1WgZTMH2lHEdwEfug7VWP16Fp3NszVld0sUSUrX8/L3A=="}
Redirected to http://localhost:3000/
Filter chain halted as :verify_signed_out_user rendered or redirected
Completed 302 Found in 2ms (ActiveRecord: 0.0ms)


Started DELETE "/users/sign_out" for 127.0.0.1 at 2017-03-20 14:14:06 +0100
Processing by Devise::SessionsController#destroy as HTML
  Parameters: {"authenticity_token"=>"E9lO4UomyanLxsFiep8sRdhvJDhJd2ByLsdIPHjBWg1WgZTMH2lHEdwEfug7VWP16Fp3NszVld0sUSUrX8/L3A=="}
Redirected to http://localhost:3000/
Filter chain halted as :verify_signed_out_user rendered or redirected
Completed 302 Found in 1ms (ActiveRecord: 0.0ms)


Started DELETE "/users/sign_out" for 127.0.0.1 at 2017-03-20 14:14:06 +0100
Processing by Devise::SessionsController#destroy as HTML
  Parameters: {"authenticity_token"=>"E9lO4UomyanLxsFiep8sRdhvJDhJd2ByLsdIPHjBWg1WgZTMH2lHEdwEfug7VWP16Fp3NszVld0sUSUrX8/L3A=="}
Redirected to http://localhost:3000/
Filter chain halted as :verify_signed_out_user rendered or redirected
Completed 302 Found in 2ms (ActiveRecord: 0.0ms)


Started DELETE "/users/sign_out" for 127.0.0.1 at 2017-03-20 14:14:06 +0100
Processing by Devise::SessionsController#destroy as HTML
  Parameters: {"authenticity_token"=>"E9lO4UomyanLxsFiep8sRdhvJDhJd2ByLsdIPHjBWg1WgZTMH2lHEdwEfug7VWP16Fp3NszVld0sUSUrX8/L3A=="}
Redirected to http://localhost:3000/
Filter chain halted as :verify_signed_out_user rendered or redirected
Completed 302 Found in 2ms (ActiveRecord: 0.0ms)


Started DELETE "/users/sign_out" for 127.0.0.1 at 2017-03-20 14:14:06 +0100
Processing by Devise::SessionsController#destroy as HTML
  Parameters: {"authenticity_token"=>"E9lO4UomyanLxsFiep8sRdhvJDhJd2ByLsdIPHjBWg1WgZTMH2lHEdwEfug7VWP16Fp3NszVld0sUSUrX8/L3A=="}
Redirected to http://localhost:3000/
Filter chain halted as :verify_signed_out_user rendered or redirected
Completed 302 Found in 1ms (ActiveRecord: 0.0ms)


Started DELETE "/users/sign_out" for 127.0.0.1 at 2017-03-20 14:14:06 +0100
Processing by Devise::SessionsController#destroy as HTML
  Parameters: {"authenticity_token"=>"E9lO4UomyanLxsFiep8sRdhvJDhJd2ByLsdIPHjBWg1WgZTMH2lHEdwEfug7VWP16Fp3NszVld0sUSUrX8/L3A=="}
Redirected to http://localhost:3000/
Filter chain halted as :verify_signed_out_user rendered or redirected
Completed 302 Found in 1ms (ActiveRecord: 0.0ms)


Started DELETE "/users/sign_out" for 127.0.0.1 at 2017-03-20 14:14:06 +0100
Processing by Devise::SessionsController#destroy as HTML
  Parameters: {"authenticity_token"=>"E9lO4UomyanLxsFiep8sRdhvJDhJd2ByLsdIPHjBWg1WgZTMH2lHEdwEfug7VWP16Fp3NszVld0sUSUrX8/L3A=="}
Redirected to http://localhost:3000/
Filter chain halted as :verify_signed_out_user rendered or redirected
Completed 302 Found in 2ms (ActiveRecord: 0.0ms)


Started DELETE "/users/sign_out" for 127.0.0.1 at 2017-03-20 14:14:06 +0100
Processing by Devise::SessionsController#destroy as HTML
  Parameters: {"authenticity_token"=>"E9lO4UomyanLxsFiep8sRdhvJDhJd2ByLsdIPHjBWg1WgZTMH2lHEdwEfug7VWP16Fp3NszVld0sUSUrX8/L3A=="}
Redirected to http://localhost:3000/
Filter chain halted as :verify_signed_out_user rendered or redirected
Completed 302 Found in 1ms (ActiveRecord: 0.0ms)


Started DELETE "/users/sign_out" for 127.0.0.1 at 2017-03-20 14:14:06 +0100
Processing by Devise::SessionsController#destroy as HTML
  Parameters: {"authenticity_token"=>"E9lO4UomyanLxsFiep8sRdhvJDhJd2ByLsdIPHjBWg1WgZTMH2lHEdwEfug7VWP16Fp3NszVld0sUSUrX8/L3A=="}
Redirected to http://localhost:3000/
Filter chain halted as :verify_signed_out_user rendered or redirected
Completed 302 Found in 1ms (ActiveRecord: 0.0ms)


Started DELETE "/users/sign_out" for 127.0.0.1 at 2017-03-20 14:14:06 +0100
Processing by Devise::SessionsController#destroy as HTML
  Parameters: {"authenticity_token"=>"E9lO4UomyanLxsFiep8sRdhvJDhJd2ByLsdIPHjBWg1WgZTMH2lHEdwEfug7VWP16Fp3NszVld0sUSUrX8/L3A=="}
Redirected to http://localhost:3000/
Filter chain halted as :verify_signed_out_user rendered or redirected
Completed 302 Found in 1ms (ActiveRecord: 0.0ms)


Started DELETE "/users/sign_out" for 127.0.0.1 at 2017-03-20 14:14:06 +0100
Processing by Devise::SessionsController#destroy as HTML
  Parameters: {"authenticity_token"=>"E9lO4UomyanLxsFiep8sRdhvJDhJd2ByLsdIPHjBWg1WgZTMH2lHEdwEfug7VWP16Fp3NszVld0sUSUrX8/L3A=="}
Redirected to http://localhost:3000/
Filter chain halted as :verify_signed_out_user rendered or redirected
Completed 302 Found in 1ms (ActiveRecord: 0.0ms)


Started DELETE "/users/sign_out" for 127.0.0.1 at 2017-03-20 14:14:06 +0100
Processing by Devise::SessionsController#destroy as HTML
  Parameters: {"authenticity_token"=>"E9lO4UomyanLxsFiep8sRdhvJDhJd2ByLsdIPHjBWg1WgZTMH2lHEdwEfug7VWP16Fp3NszVld0sUSUrX8/L3A=="}
Redirected to http://localhost:3000/
Filter chain halted as :verify_signed_out_user rendered or redirected
Completed 302 Found in 1ms (ActiveRecord: 0.0ms)


Started DELETE "/users/sign_out" for 127.0.0.1 at 2017-03-20 14:14:07 +0100
Processing by Devise::SessionsController#destroy as HTML
  Parameters: {"authenticity_token"=>"E9lO4UomyanLxsFiep8sRdhvJDhJd2ByLsdIPHjBWg1WgZTMH2lHEdwEfug7VWP16Fp3NszVld0sUSUrX8/L3A=="}
Redirected to http://localhost:3000/
Filter chain halted as :verify_signed_out_user rendered or redirected
Completed 302 Found in 1ms (ActiveRecord: 0.0ms)


Started DELETE "/users/sign_out" for 127.0.0.1 at 2017-03-20 14:14:07 +0100
Processing by Devise::SessionsController#destroy as HTML
  Parameters: {"authenticity_token"=>"E9lO4UomyanLxsFiep8sRdhvJDhJd2ByLsdIPHjBWg1WgZTMH2lHEdwEfug7VWP16Fp3NszVld0sUSUrX8/L3A=="}
Redirected to http://localhost:3000/
Filter chain halted as :verify_signed_out_user rendered or redirected
Completed 302 Found in 1ms (ActiveRecord: 0.0ms)


Started DELETE "/users/sign_out" for 127.0.0.1 at 2017-03-20 14:14:07 +0100
Processing by Devise::SessionsController#destroy as HTML
  Parameters: {"authenticity_token"=>"E9lO4UomyanLxsFiep8sRdhvJDhJd2ByLsdIPHjBWg1WgZTMH2lHEdwEfug7VWP16Fp3NszVld0sUSUrX8/L3A=="}
Redirected to http://localhost:3000/
Filter chain halted as :verify_signed_out_user rendered or redirected
Completed 302 Found in 3ms (ActiveRecord: 0.0ms)


Started GET "/" for 127.0.0.1 at 2017-03-20 14:14:07 +0100
Processing by ProductsController#index as HTML
Completed 401 Unauthorized in 1ms (ActiveRecord: 0.0ms)


Started GET "/users/sign_in" for 127.0.0.1 at 2017-03-20 14:14:07 +0100
Processing by Devise::SessionsController#new as HTML
  Rendered /var/lib/gems/2.3.0/gems/devise-4.2.1/app/views/devise/shared/_links.html.erb (0.3ms)
  Rendered /var/lib/gems/2.3.0/gems/devise-4.2.1/app/views/devise/sessions/new.html.erb within layouts/application (2.7ms)
Completed 200 OK in 27ms (Views: 26.2ms | ActiveRecord: 0.0ms)


Started GET "/" for 127.0.0.1 at 2017-03-20 14:15:35 +0100
Processing by ProductsController#index as HTML
Completed 401 Unauthorized in 1ms (ActiveRecord: 0.0ms)


Started GET "/users/sign_in" for 127.0.0.1 at 2017-03-20 14:15:35 +0100
Processing by Devise::SessionsController#new as HTML
  Rendered /var/lib/gems/2.3.0/gems/devise-4.2.1/app/views/devise/shared/_links.html.erb (0.4ms)
  Rendered /var/lib/gems/2.3.0/gems/devise-4.2.1/app/views/devise/sessions/new.html.erb within layouts/application (3.7ms)
Completed 200 OK in 38ms (Views: 37.2ms | ActiveRecord: 0.0ms)
